<?xml version="1.0" encoding="UTF-8"?>
<!-- Generated by org.testng.reporters.JUnitReportReporter -->
<testsuite skipped="0" hostname="IBM-Testing01" name="gridDemo.WebshopeGridDemo" tests="1" failures="0" timestamp="24 Jan 2020 03:58:07 GMT" time="21.314" errors="0">
  <testcase name="startapplication" time="21.314" classname="gridDemo.WebshopeGridDemo"/>
</testsuite> <!-- gridDemo.WebshopeGridDemo -->
